2019-12-12 10:35:39 -  - exec CUpdateClientPartner::__CollectRequestData
2019-12-12 10:35:39 -  - exec CUpdateClientPartner::GetHTTPPage
2019-12-12 10:35:40 -  - exec CUpdateClientPartner::ParseServerData
2019-12-12 10:35:40 -  - exec CUpdateClientPartner::GetUpdatesList
2019-12-12 10:35:40 -  - exec CUpdateClientPartner::__CollectRequestData
2019-12-12 10:35:40 -  - utf=Y&lang=ru&stable=Y&CANGZIP=Y&SUPD_DBS=MYSQL&XE=N&CLIENT_SITE=z90846g9.beget.tech&LICENSE_KEY=X&SUPD_STS=1&SUPD_URS=0&SUPD_URSA=1&TYPENC=D&CLIENT_PHPVER=7.1.21&NGINX=Y&dbv=5.7.21&instm=main%2C20.0.0%2CY%3Bb24connector%2C18.5.0%2CN%3Brest%2C18.5.162%2CN%3Bcurrency%2C19.0.0%2CN%3Breport%2C19.0.100%2CN%3Btranslate%2C18.0.100%2CN%3Bcompression%2C19.0.0%2CN%3Bmobileapp%2C19.0.100%2CN%3Bhighloadblock%2C19.0.0%2CN%3Bmessageservice%2C19.0.0%2CN%3Bsearch%2C18.5.200%2CN%3Bsubscribe%2C18.5.0%2CN%3Bperfmon%2C18.5.0%2CN%3Bphotogallery%2C18.0.0%2CN%3Bblog%2C19.0.100%2CN%3Biblock%2C18.6.1000%2CN%3Bfileman%2C18.5.500%2CN%3Bbitrix.sitecorporate%2C15.5.0%2CN%3Bsocialservices%2C19.0.0%2CN%3Babtest%2C18.5.0%2CN%3Bforum%2C19.0.0%2CN%3Bform%2C18.0.0%2CN%3Bbitrix.eshop%2C18.5.0%2CN%3Bstoreassist%2C18.1.0%2CN%3Bvote%2C18.5.200%2CN%3Bclouds%2C19.0.0%2CN%3Bbitrixcloud%2C18.5.0%2CN%3Bscale%2C17.5.0%2CN%3Bpull%2C19.0.300%2CN%3Bsale%2C19.0.100%2CN%3Bcatalog%2C18.7.0%2CN%3Bsecurity%2C19.0.0%2CN%3Blanding%2C19.0.175%2CN%3Bconversion%2C18.5.1%2CN%3Bseo%2C19.0.800%2CN%3Bsender%2C19.0.200%2CN%3Bui%2C19.0.400%2CN&reqm=bitrix.sitecorporate%2Cbitrix.eshop&fullmoduleinfo=Y&SUPD_SRS=RU&SUPD_CMP=N
2019-12-12 10:35:40 -  - exec CUpdateClientPartner::GetHTTPPage
2019-12-12 10:35:40 -  - TIME GetUpdatesList(request) 0.238 sec
2019-12-12 10:35:40 -  - exec CUpdateClientPartner::ParseServerData
2019-12-12 10:35:40 -  - exec CUpdateClientPartner::__CollectRequestData
2019-12-12 10:35:40 -  - exec CUpdateClientPartner::GetHTTPPage
2019-12-12 10:35:40 -  - exec CUpdateClientPartner::ParseServerData
2019-12-13 11:10:33 -  - exec CUpdateClientPartner::__CollectRequestData
2019-12-13 11:10:33 -  - exec CUpdateClientPartner::GetHTTPPage
2019-12-13 11:10:33 -  - exec CUpdateClientPartner::ParseServerData
2019-12-13 11:10:33 -  - exec CUpdateClientPartner::GetUpdatesList
2019-12-13 11:10:33 -  - exec CUpdateClientPartner::__CollectRequestData
2019-12-13 11:10:33 -  - utf=Y&lang=ru&stable=Y&CANGZIP=Y&SUPD_DBS=MYSQL&XE=N&CLIENT_SITE=z90846g9.beget.tech&LICENSE_KEY=X&SUPD_STS=1&SUPD_URS=0&SUPD_URSA=1&TYPENC=D&CLIENT_PHPVER=7.1.21&NGINX=Y&dbv=5.7.21&instm=main%2C20.0.0%2CY%3Bb24connector%2C18.5.0%2CN%3Brest%2C18.5.162%2CN%3Bcurrency%2C19.0.0%2CN%3Breport%2C19.0.100%2CN%3Btranslate%2C18.0.100%2CN%3Bcompression%2C19.0.0%2CN%3Bmobileapp%2C19.0.100%2CN%3Bhighloadblock%2C19.0.0%2CN%3Bmessageservice%2C19.0.0%2CN%3Bsearch%2C18.5.200%2CN%3Bsubscribe%2C18.5.0%2CN%3Bperfmon%2C18.5.0%2CN%3Bphotogallery%2C18.0.0%2CN%3Bblog%2C19.0.100%2CN%3Biblock%2C18.6.1000%2CN%3Bfileman%2C18.5.500%2CN%3Bbitrix.sitecorporate%2C15.5.0%2CN%3Bsocialservices%2C19.0.0%2CN%3Babtest%2C18.5.0%2CN%3Bforum%2C19.0.0%2CN%3Bform%2C18.0.0%2CN%3Bbitrix.eshop%2C18.5.0%2CN%3Bstoreassist%2C18.1.0%2CN%3Bvote%2C18.5.200%2CN%3Bclouds%2C19.0.0%2CN%3Bbitrixcloud%2C18.5.0%2CN%3Bscale%2C17.5.0%2CN%3Bpull%2C19.0.300%2CN%3Bsale%2C19.0.100%2CN%3Bcatalog%2C18.7.0%2CN%3Bsecurity%2C19.0.0%2CN%3Blanding%2C19.0.175%2CN%3Bconversion%2C18.5.1%2CN%3Bseo%2C19.0.800%2CN%3Bsender%2C19.0.200%2CN%3Bui%2C19.0.400%2CN&reqm=bitrix.sitecorporate%2Cbitrix.eshop&fullmoduleinfo=Y&SUPD_SRS=RU&SUPD_CMP=N
2019-12-13 11:10:33 -  - exec CUpdateClientPartner::GetHTTPPage
2019-12-13 11:10:34 -  - TIME GetUpdatesList(request) 0.22 sec
2019-12-13 11:10:34 -  - exec CUpdateClientPartner::ParseServerData
2019-12-13 11:10:34 -  - exec CUpdateClientPartner::__CollectRequestData
2019-12-13 11:10:34 -  - exec CUpdateClientPartner::GetHTTPPage
2019-12-13 11:10:34 -  - exec CUpdateClientPartner::ParseServerData
2019-12-14 13:58:56 -  - exec CUpdateClientPartner::__CollectRequestData
2019-12-14 13:58:56 -  - exec CUpdateClientPartner::GetHTTPPage
2019-12-14 13:58:56 -  - exec CUpdateClientPartner::ParseServerData
2019-12-14 13:58:56 -  - exec CUpdateClientPartner::GetUpdatesList
2019-12-14 13:58:56 -  - exec CUpdateClientPartner::__CollectRequestData
2019-12-14 13:58:56 -  - utf=Y&lang=ru&stable=Y&CANGZIP=Y&SUPD_DBS=MYSQL&XE=N&CLIENT_SITE=z90846g9.beget.tech&LICENSE_KEY=X&SUPD_STS=1&SUPD_URS=0&SUPD_URSA=1&TYPENC=D&CLIENT_PHPVER=7.1.21&NGINX=Y&dbv=5.7.21&instm=main%2C20.0.0%2CY%3Bb24connector%2C18.5.0%2CN%3Brest%2C18.5.162%2CN%3Bcurrency%2C19.0.0%2CN%3Breport%2C19.0.100%2CN%3Btranslate%2C18.0.100%2CN%3Bcompression%2C19.0.0%2CN%3Bmobileapp%2C19.0.100%2CN%3Bhighloadblock%2C19.0.0%2CN%3Bmessageservice%2C19.0.0%2CN%3Bsearch%2C18.5.200%2CN%3Bsubscribe%2C18.5.0%2CN%3Bperfmon%2C18.5.0%2CN%3Bphotogallery%2C18.0.0%2CN%3Bblog%2C19.0.100%2CN%3Biblock%2C18.6.1000%2CN%3Bfileman%2C18.5.500%2CN%3Bbitrix.sitecorporate%2C15.5.0%2CN%3Bsocialservices%2C19.0.0%2CN%3Babtest%2C18.5.0%2CN%3Bforum%2C19.0.0%2CN%3Bform%2C18.0.0%2CN%3Bbitrix.eshop%2C18.5.0%2CN%3Bstoreassist%2C18.1.0%2CN%3Bvote%2C18.5.200%2CN%3Bclouds%2C19.0.0%2CN%3Bbitrixcloud%2C18.5.0%2CN%3Bscale%2C17.5.0%2CN%3Bpull%2C19.0.300%2CN%3Bsale%2C19.0.100%2CN%3Bcatalog%2C18.7.0%2CN%3Bsecurity%2C19.0.0%2CN%3Blanding%2C19.0.175%2CN%3Bconversion%2C18.5.1%2CN%3Bseo%2C19.0.800%2CN%3Bsender%2C19.0.200%2CN%3Bui%2C19.0.400%2CN&reqm=bitrix.sitecorporate%2Cbitrix.eshop&fullmoduleinfo=Y&SUPD_SRS=RU&SUPD_CMP=N
2019-12-14 13:58:56 -  - exec CUpdateClientPartner::GetHTTPPage
2019-12-14 13:58:57 -  - TIME GetUpdatesList(request) 0.196 sec
2019-12-14 13:58:57 -  - exec CUpdateClientPartner::ParseServerData
2019-12-14 13:58:57 -  - exec CUpdateClientPartner::__CollectRequestData
2019-12-14 13:58:57 -  - exec CUpdateClientPartner::GetHTTPPage
2019-12-14 13:58:57 -  - exec CUpdateClientPartner::ParseServerData
2019-12-16 12:28:25 -  - exec CUpdateClientPartner::__CollectRequestData
2019-12-16 12:28:25 -  - exec CUpdateClientPartner::GetHTTPPage
2019-12-16 12:28:25 -  - exec CUpdateClientPartner::ParseServerData
2019-12-16 12:28:25 -  - exec CUpdateClientPartner::GetUpdatesList
2019-12-16 12:28:25 -  - exec CUpdateClientPartner::__CollectRequestData
2019-12-16 12:28:25 -  - utf=Y&lang=ru&stable=Y&CANGZIP=Y&SUPD_DBS=MYSQL&XE=N&CLIENT_SITE=z90846g9.beget.tech&LICENSE_KEY=X&SUPD_STS=1&SUPD_URS=0&SUPD_URSA=1&TYPENC=D&CLIENT_PHPVER=7.1.21&NGINX=Y&dbv=5.7.21&instm=main%2C20.0.0%2CY%3Bb24connector%2C18.5.0%2CN%3Brest%2C18.5.162%2CN%3Bcurrency%2C19.0.0%2CN%3Breport%2C19.0.100%2CN%3Btranslate%2C18.0.100%2CN%3Bcompression%2C19.0.0%2CN%3Bmobileapp%2C19.0.100%2CN%3Bhighloadblock%2C19.0.0%2CN%3Bmessageservice%2C19.0.0%2CN%3Bsearch%2C18.5.200%2CN%3Bsubscribe%2C18.5.0%2CN%3Bperfmon%2C18.5.0%2CN%3Bphotogallery%2C18.0.0%2CN%3Bblog%2C19.0.100%2CN%3Biblock%2C18.6.1000%2CN%3Bfileman%2C18.5.500%2CN%3Bbitrix.sitecorporate%2C15.5.0%2CN%3Bsocialservices%2C19.0.0%2CN%3Babtest%2C18.5.0%2CN%3Bforum%2C19.0.0%2CN%3Bform%2C18.0.0%2CN%3Bbitrix.eshop%2C18.5.0%2CN%3Bstoreassist%2C18.1.0%2CN%3Bvote%2C18.5.200%2CN%3Bclouds%2C19.0.0%2CN%3Bbitrixcloud%2C18.5.0%2CN%3Bscale%2C17.5.0%2CN%3Bpull%2C19.0.300%2CN%3Bsale%2C19.0.100%2CN%3Bcatalog%2C18.7.0%2CN%3Bsecurity%2C19.0.0%2CN%3Blanding%2C19.0.175%2CN%3Bconversion%2C18.5.1%2CN%3Bseo%2C19.0.800%2CN%3Bsender%2C19.0.200%2CN%3Bui%2C19.0.400%2CN&reqm=bitrix.sitecorporate%2Cbitrix.eshop&fullmoduleinfo=Y&SUPD_SRS=RU&SUPD_CMP=N
2019-12-16 12:28:25 -  - exec CUpdateClientPartner::GetHTTPPage
2019-12-16 12:28:25 -  - TIME GetUpdatesList(request) 0.217 sec
2019-12-16 12:28:25 -  - exec CUpdateClientPartner::ParseServerData
2019-12-16 12:28:25 -  - exec CUpdateClientPartner::__CollectRequestData
2019-12-16 12:28:25 -  - exec CUpdateClientPartner::GetHTTPPage
2019-12-16 12:28:26 -  - exec CUpdateClientPartner::ParseServerData
2019-12-17 12:45:26 -  - exec CUpdateClientPartner::__CollectRequestData
2019-12-17 12:45:26 -  - exec CUpdateClientPartner::GetHTTPPage
2019-12-17 12:45:27 -  - exec CUpdateClientPartner::ParseServerData
2019-12-17 12:45:27 -  - exec CUpdateClientPartner::GetUpdatesList
2019-12-17 12:45:27 -  - exec CUpdateClientPartner::__CollectRequestData
2019-12-17 12:45:27 -  - utf=Y&lang=ru&stable=Y&CANGZIP=Y&SUPD_DBS=MYSQL&XE=N&CLIENT_SITE=z90846g9.beget.tech&LICENSE_KEY=X&SUPD_STS=1&SUPD_URS=0&SUPD_URSA=1&TYPENC=D&CLIENT_PHPVER=7.1.21&NGINX=Y&dbv=5.7.21&instm=main%2C20.0.0%2CY%3Bb24connector%2C18.5.0%2CN%3Brest%2C18.5.162%2CN%3Bcurrency%2C19.0.0%2CN%3Breport%2C19.0.100%2CN%3Btranslate%2C18.0.100%2CN%3Bcompression%2C19.0.0%2CN%3Bmobileapp%2C19.0.100%2CN%3Bhighloadblock%2C19.0.0%2CN%3Bmessageservice%2C19.0.0%2CN%3Bsearch%2C18.5.200%2CN%3Bsubscribe%2C18.5.0%2CN%3Bperfmon%2C18.5.0%2CN%3Bphotogallery%2C18.0.0%2CN%3Bblog%2C19.0.100%2CN%3Biblock%2C18.6.1000%2CN%3Bfileman%2C18.5.500%2CN%3Bbitrix.sitecorporate%2C15.5.0%2CN%3Bsocialservices%2C19.0.0%2CN%3Babtest%2C18.5.0%2CN%3Bforum%2C19.0.0%2CN%3Bform%2C18.0.0%2CN%3Bbitrix.eshop%2C18.5.0%2CN%3Bstoreassist%2C18.1.0%2CN%3Bvote%2C18.5.200%2CN%3Bclouds%2C19.0.0%2CN%3Bbitrixcloud%2C18.5.0%2CN%3Bscale%2C17.5.0%2CN%3Bpull%2C19.0.300%2CN%3Bsale%2C19.0.100%2CN%3Bcatalog%2C18.7.0%2CN%3Bsecurity%2C19.0.0%2CN%3Blanding%2C19.0.175%2CN%3Bconversion%2C18.5.1%2CN%3Bseo%2C19.0.800%2CN%3Bsender%2C19.0.200%2CN%3Bui%2C19.0.400%2CN&reqm=bitrix.sitecorporate%2Cbitrix.eshop&fullmoduleinfo=Y&SUPD_SRS=RU&SUPD_CMP=N
2019-12-17 12:45:27 -  - exec CUpdateClientPartner::GetHTTPPage
2019-12-17 12:45:27 -  - TIME GetUpdatesList(request) 0.228 sec
2019-12-17 12:45:27 -  - exec CUpdateClientPartner::ParseServerData
2019-12-17 12:45:27 -  - exec CUpdateClientPartner::__CollectRequestData
2019-12-17 12:45:27 -  - exec CUpdateClientPartner::GetHTTPPage
2019-12-17 12:45:27 -  - exec CUpdateClientPartner::ParseServerData
2019-12-17 12:45:27 -  - exec CUpdateClientPartner::__CollectRequestData
2019-12-17 12:45:27 -  - exec CUpdateClientPartner::GetHTTPPage
2019-12-17 12:45:27 -  - exec CUpdateClientPartner::ParseServerData
2019-12-17 12:45:27 -  - exec CUpdateClientPartner::GetUpdatesList
2019-12-17 12:45:27 -  - exec CUpdateClientPartner::__CollectRequestData
2019-12-17 12:45:27 -  - utf=Y&lang=ru&stable=Y&CANGZIP=Y&SUPD_DBS=MYSQL&XE=N&CLIENT_SITE=z90846g9.beget.tech&LICENSE_KEY=X&SUPD_STS=1&SUPD_URS=0&SUPD_URSA=1&TYPENC=D&CLIENT_PHPVER=7.1.21&NGINX=Y&dbv=5.7.21&instm=main%2C20.0.0%2CY%3Bb24connector%2C18.5.0%2CN%3Brest%2C18.5.162%2CN%3Bcurrency%2C19.0.0%2CN%3Breport%2C19.0.100%2CN%3Btranslate%2C18.0.100%2CN%3Bcompression%2C19.0.0%2CN%3Bmobileapp%2C19.0.100%2CN%3Bhighloadblock%2C19.0.0%2CN%3Bmessageservice%2C19.0.0%2CN%3Bsearch%2C18.5.200%2CN%3Bsubscribe%2C18.5.0%2CN%3Bperfmon%2C18.5.0%2CN%3Bphotogallery%2C18.0.0%2CN%3Bblog%2C19.0.100%2CN%3Biblock%2C18.6.1000%2CN%3Bfileman%2C18.5.500%2CN%3Bbitrix.sitecorporate%2C15.5.0%2CN%3Bsocialservices%2C19.0.0%2CN%3Babtest%2C18.5.0%2CN%3Bforum%2C19.0.0%2CN%3Bform%2C18.0.0%2CN%3Bbitrix.eshop%2C18.5.0%2CN%3Bstoreassist%2C18.1.0%2CN%3Bvote%2C18.5.200%2CN%3Bclouds%2C19.0.0%2CN%3Bbitrixcloud%2C18.5.0%2CN%3Bscale%2C17.5.0%2CN%3Bpull%2C19.0.300%2CN%3Bsale%2C19.0.100%2CN%3Bcatalog%2C18.7.0%2CN%3Bsecurity%2C19.0.0%2CN%3Blanding%2C19.0.175%2CN%3Bconversion%2C18.5.1%2CN%3Bseo%2C19.0.800%2CN%3Bsender%2C19.0.200%2CN%3Bui%2C19.0.400%2CN&reqm=bitrix.sitecorporate%2Cbitrix.eshop&fullmoduleinfo=Y&SUPD_SRS=RU&SUPD_CMP=N
2019-12-17 12:45:27 -  - exec CUpdateClientPartner::GetHTTPPage
2019-12-17 12:45:28 -  - TIME GetUpdatesList(request) 0.235 sec
2019-12-17 12:45:28 -  - exec CUpdateClientPartner::ParseServerData
2019-12-17 12:45:28 -  - exec CUpdateClientPartner::__CollectRequestData
2019-12-17 12:45:28 -  - exec CUpdateClientPartner::GetHTTPPage
2019-12-17 12:45:28 -  - exec CUpdateClientPartner::ParseServerData
2019-12-18 14:33:08 -  - exec CUpdateClientPartner::__CollectRequestData
2019-12-18 14:33:08 -  - exec CUpdateClientPartner::GetHTTPPage
2019-12-18 14:33:09 -  - exec CUpdateClientPartner::ParseServerData
2019-12-18 14:33:09 -  - exec CUpdateClientPartner::GetUpdatesList
2019-12-18 14:33:09 -  - exec CUpdateClientPartner::__CollectRequestData
2019-12-18 14:33:09 -  - utf=Y&lang=ru&stable=Y&CANGZIP=Y&SUPD_DBS=MYSQL&XE=N&CLIENT_SITE=z90846g9.beget.tech&LICENSE_KEY=X&SUPD_STS=1&SUPD_URS=0&SUPD_URSA=1&TYPENC=D&CLIENT_PHPVER=7.1.21&NGINX=Y&dbv=5.7.21&instm=main%2C20.0.0%2CY%3Bb24connector%2C18.5.0%2CN%3Brest%2C18.5.162%2CN%3Bcurrency%2C19.0.0%2CN%3Breport%2C19.0.100%2CN%3Btranslate%2C18.0.100%2CN%3Bcompression%2C19.0.0%2CN%3Bmobileapp%2C19.0.100%2CN%3Bhighloadblock%2C19.0.0%2CN%3Bmessageservice%2C19.0.0%2CN%3Bsearch%2C18.5.200%2CN%3Bsubscribe%2C18.5.0%2CN%3Bperfmon%2C18.5.0%2CN%3Bphotogallery%2C18.0.0%2CN%3Bblog%2C19.0.100%2CN%3Biblock%2C18.6.1000%2CN%3Bfileman%2C18.5.500%2CN%3Bbitrix.sitecorporate%2C15.5.0%2CN%3Bsocialservices%2C19.0.0%2CN%3Babtest%2C18.5.0%2CN%3Bforum%2C19.0.0%2CN%3Bform%2C18.0.0%2CN%3Bbitrix.eshop%2C18.5.0%2CN%3Bstoreassist%2C18.1.0%2CN%3Bvote%2C18.5.200%2CN%3Bclouds%2C19.0.0%2CN%3Bbitrixcloud%2C18.5.0%2CN%3Bscale%2C17.5.0%2CN%3Bpull%2C19.0.300%2CN%3Bsale%2C19.0.100%2CN%3Bcatalog%2C18.7.0%2CN%3Bsecurity%2C19.0.0%2CN%3Blanding%2C19.0.175%2CN%3Bconversion%2C18.5.1%2CN%3Bseo%2C19.0.800%2CN%3Bsender%2C19.0.200%2CN%3Bui%2C19.0.400%2CN&reqm=bitrix.sitecorporate%2Cbitrix.eshop&fullmoduleinfo=Y&SUPD_SRS=RU&SUPD_CMP=N
2019-12-18 14:33:09 -  - exec CUpdateClientPartner::GetHTTPPage
2019-12-18 14:33:09 -  - TIME GetUpdatesList(request) 0.206 sec
2019-12-18 14:33:09 -  - exec CUpdateClientPartner::ParseServerData
2019-12-18 14:33:09 -  - exec CUpdateClientPartner::__CollectRequestData
2019-12-18 14:33:09 -  - exec CUpdateClientPartner::GetHTTPPage
2019-12-18 14:33:09 -  - exec CUpdateClientPartner::ParseServerData
2019-12-19 14:46:24 -  - exec CUpdateClientPartner::__CollectRequestData
2019-12-19 14:46:24 -  - exec CUpdateClientPartner::GetHTTPPage
2019-12-19 14:46:24 -  - exec CUpdateClientPartner::ParseServerData
2019-12-19 14:46:24 -  - exec CUpdateClientPartner::GetUpdatesList
2019-12-19 14:46:24 -  - exec CUpdateClientPartner::__CollectRequestData
2019-12-19 14:46:24 -  - utf=Y&lang=ru&stable=Y&CANGZIP=Y&SUPD_DBS=MYSQL&XE=N&CLIENT_SITE=z90846g9.beget.tech&LICENSE_KEY=X&SUPD_STS=1&SUPD_URS=0&SUPD_URSA=1&TYPENC=D&CLIENT_PHPVER=7.1.21&NGINX=Y&dbv=5.7.21&instm=main%2C20.0.0%2CY%3Bb24connector%2C18.5.0%2CN%3Brest%2C18.5.162%2CN%3Bcurrency%2C19.0.0%2CN%3Breport%2C19.0.100%2CN%3Btranslate%2C18.0.100%2CN%3Bcompression%2C19.0.0%2CN%3Bmobileapp%2C19.0.100%2CN%3Bhighloadblock%2C19.0.0%2CN%3Bmessageservice%2C19.0.0%2CN%3Bsearch%2C18.5.200%2CN%3Bsubscribe%2C18.5.0%2CN%3Bperfmon%2C18.5.0%2CN%3Bphotogallery%2C18.0.0%2CN%3Bblog%2C19.0.100%2CN%3Biblock%2C18.6.1000%2CN%3Bfileman%2C18.5.500%2CN%3Bbitrix.sitecorporate%2C15.5.0%2CN%3Bsocialservices%2C19.0.0%2CN%3Babtest%2C18.5.0%2CN%3Bforum%2C19.0.0%2CN%3Bform%2C18.0.0%2CN%3Bbitrix.eshop%2C18.5.0%2CN%3Bstoreassist%2C18.1.0%2CN%3Bvote%2C18.5.200%2CN%3Bclouds%2C19.0.0%2CN%3Bbitrixcloud%2C18.5.0%2CN%3Bscale%2C17.5.0%2CN%3Bpull%2C19.0.300%2CN%3Bsale%2C19.0.100%2CN%3Bcatalog%2C18.7.0%2CN%3Bsecurity%2C19.0.0%2CN%3Blanding%2C19.0.175%2CN%3Bconversion%2C18.5.1%2CN%3Bseo%2C19.0.800%2CN%3Bsender%2C19.0.200%2CN%3Bui%2C19.0.400%2CN&reqm=bitrix.sitecorporate%2Cbitrix.eshop&fullmoduleinfo=Y&SUPD_SRS=RU&SUPD_CMP=N
2019-12-19 14:46:24 -  - exec CUpdateClientPartner::GetHTTPPage
2019-12-19 14:46:24 -  - TIME GetUpdatesList(request) 0.236 sec
2019-12-19 14:46:24 -  - exec CUpdateClientPartner::ParseServerData
2019-12-19 14:46:24 -  - exec CUpdateClientPartner::__CollectRequestData
2019-12-19 14:46:24 -  - exec CUpdateClientPartner::GetHTTPPage
2019-12-19 14:46:25 -  - exec CUpdateClientPartner::ParseServerData
2019-12-24 10:07:22 -  - exec CUpdateClientPartner::__CollectRequestData
2019-12-24 10:07:22 -  - exec CUpdateClientPartner::GetHTTPPage
2019-12-24 10:07:22 -  - exec CUpdateClientPartner::ParseServerData
2019-12-24 10:07:22 -  - exec CUpdateClientPartner::GetUpdatesList
2019-12-24 10:07:22 -  - exec CUpdateClientPartner::__CollectRequestData
2019-12-24 10:07:22 -  - utf=Y&lang=ru&stable=Y&CANGZIP=Y&SUPD_DBS=MYSQL&XE=N&CLIENT_SITE=z90846g9.beget.tech&LICENSE_KEY=X&SUPD_STS=1&SUPD_URS=0&SUPD_URSA=1&TYPENC=D&CLIENT_PHPVER=7.1.33&NGINX=Y&dbv=5.7.21&instm=main%2C20.0.0%2CY%3Bb24connector%2C18.5.0%2CN%3Brest%2C18.5.162%2CN%3Bcurrency%2C19.0.0%2CN%3Breport%2C19.0.100%2CN%3Btranslate%2C18.0.100%2CN%3Bcompression%2C19.0.0%2CN%3Bmobileapp%2C19.0.100%2CN%3Bhighloadblock%2C19.0.0%2CN%3Bmessageservice%2C19.0.0%2CN%3Bsearch%2C18.5.200%2CN%3Bsubscribe%2C18.5.0%2CN%3Bperfmon%2C18.5.0%2CN%3Bphotogallery%2C18.0.0%2CN%3Bblog%2C19.0.100%2CN%3Biblock%2C18.6.1000%2CN%3Bfileman%2C18.5.500%2CN%3Bbitrix.sitecorporate%2C15.5.0%2CN%3Bsocialservices%2C19.0.0%2CN%3Babtest%2C18.5.0%2CN%3Bforum%2C19.0.0%2CN%3Bform%2C18.0.0%2CN%3Bbitrix.eshop%2C18.5.0%2CN%3Bstoreassist%2C18.1.0%2CN%3Bvote%2C18.5.200%2CN%3Bclouds%2C19.0.0%2CN%3Bbitrixcloud%2C18.5.0%2CN%3Bscale%2C17.5.0%2CN%3Bpull%2C19.0.300%2CN%3Bsale%2C19.0.100%2CN%3Bcatalog%2C18.7.0%2CN%3Bsecurity%2C19.0.0%2CN%3Blanding%2C19.0.175%2CN%3Bconversion%2C18.5.1%2CN%3Bseo%2C19.0.800%2CN%3Bsender%2C19.0.200%2CN%3Bui%2C19.0.400%2CN&reqm=bitrix.sitecorporate%2Cbitrix.eshop&fullmoduleinfo=Y&SUPD_SRS=RU&SUPD_CMP=N
2019-12-24 10:07:22 -  - exec CUpdateClientPartner::GetHTTPPage
2019-12-24 10:07:23 -  - TIME GetUpdatesList(request) 0.22 sec
2019-12-24 10:07:23 -  - exec CUpdateClientPartner::ParseServerData
2019-12-24 10:07:23 -  - exec CUpdateClientPartner::__CollectRequestData
2019-12-24 10:07:23 -  - exec CUpdateClientPartner::GetHTTPPage
2019-12-24 10:07:23 -  - exec CUpdateClientPartner::ParseServerData
2019-12-25 10:08:29 -  - exec CUpdateClientPartner::__CollectRequestData
2019-12-25 10:08:29 -  - exec CUpdateClientPartner::GetHTTPPage
2019-12-25 10:08:30 -  - exec CUpdateClientPartner::ParseServerData
2019-12-25 10:08:30 -  - exec CUpdateClientPartner::GetUpdatesList
2019-12-25 10:08:30 -  - exec CUpdateClientPartner::__CollectRequestData
2019-12-25 10:08:30 -  - utf=Y&lang=ru&stable=Y&CANGZIP=Y&SUPD_DBS=MYSQL&XE=N&CLIENT_SITE=z90846g9.beget.tech&LICENSE_KEY=X&SUPD_STS=1&SUPD_URS=0&SUPD_URSA=1&TYPENC=D&CLIENT_PHPVER=7.1.33&NGINX=Y&dbv=5.7.21&instm=main%2C20.0.0%2CY%3Bb24connector%2C18.5.0%2CN%3Brest%2C18.5.162%2CN%3Bcurrency%2C19.0.0%2CN%3Breport%2C19.0.100%2CN%3Btranslate%2C18.0.100%2CN%3Bcompression%2C19.0.0%2CN%3Bmobileapp%2C19.0.100%2CN%3Bhighloadblock%2C19.0.0%2CN%3Bmessageservice%2C19.0.0%2CN%3Bsearch%2C18.5.200%2CN%3Bsubscribe%2C18.5.0%2CN%3Bperfmon%2C18.5.0%2CN%3Bphotogallery%2C18.0.0%2CN%3Bblog%2C19.0.100%2CN%3Biblock%2C18.6.1000%2CN%3Bfileman%2C18.5.500%2CN%3Bbitrix.sitecorporate%2C15.5.0%2CN%3Bsocialservices%2C19.0.0%2CN%3Babtest%2C18.5.0%2CN%3Bforum%2C19.0.0%2CN%3Bform%2C18.0.0%2CN%3Bbitrix.eshop%2C18.5.0%2CN%3Bstoreassist%2C18.1.0%2CN%3Bvote%2C18.5.200%2CN%3Bclouds%2C19.0.0%2CN%3Bbitrixcloud%2C18.5.0%2CN%3Bscale%2C17.5.0%2CN%3Bpull%2C19.0.300%2CN%3Bsale%2C19.0.100%2CN%3Bcatalog%2C18.7.0%2CN%3Bsecurity%2C19.0.0%2CN%3Blanding%2C19.0.175%2CN%3Bconversion%2C18.5.1%2CN%3Bseo%2C19.0.800%2CN%3Bsender%2C19.0.200%2CN%3Bui%2C19.0.400%2CN&reqm=bitrix.sitecorporate%2Cbitrix.eshop&fullmoduleinfo=Y&SUPD_SRS=RU&SUPD_CMP=N
2019-12-25 10:08:30 -  - exec CUpdateClientPartner::GetHTTPPage
2019-12-25 10:08:30 -  - TIME GetUpdatesList(request) 0.212 sec
2019-12-25 10:08:30 -  - exec CUpdateClientPartner::ParseServerData
2019-12-25 10:08:30 -  - exec CUpdateClientPartner::__CollectRequestData
2019-12-25 10:08:30 -  - exec CUpdateClientPartner::GetHTTPPage
2019-12-25 10:08:30 -  - exec CUpdateClientPartner::ParseServerData
2019-12-26 10:19:31 -  - exec CUpdateClientPartner::__CollectRequestData
2019-12-26 10:19:31 -  - exec CUpdateClientPartner::GetHTTPPage
2019-12-26 10:19:31 -  - exec CUpdateClientPartner::ParseServerData
2019-12-26 10:19:31 -  - exec CUpdateClientPartner::GetUpdatesList
2019-12-26 10:19:31 -  - exec CUpdateClientPartner::__CollectRequestData
2019-12-26 10:19:31 -  - utf=Y&lang=ru&stable=Y&CANGZIP=Y&SUPD_DBS=MYSQL&XE=N&CLIENT_SITE=z90846g9.beget.tech&LICENSE_KEY=X&SUPD_STS=1&SUPD_URS=0&SUPD_URSA=1&TYPENC=D&CLIENT_PHPVER=7.1.33&NGINX=Y&dbv=5.7.21&instm=main%2C20.0.0%2CY%3Bb24connector%2C18.5.0%2CN%3Brest%2C18.5.162%2CN%3Bcurrency%2C19.0.0%2CN%3Breport%2C19.0.100%2CN%3Btranslate%2C18.0.100%2CN%3Bcompression%2C19.0.0%2CN%3Bmobileapp%2C19.0.100%2CN%3Bhighloadblock%2C19.0.0%2CN%3Bmessageservice%2C19.0.0%2CN%3Bsearch%2C18.5.200%2CN%3Bsubscribe%2C18.5.0%2CN%3Bperfmon%2C18.5.0%2CN%3Bphotogallery%2C18.0.0%2CN%3Bblog%2C19.0.100%2CN%3Biblock%2C18.6.1000%2CN%3Bfileman%2C18.5.500%2CN%3Bbitrix.sitecorporate%2C15.5.0%2CN%3Bsocialservices%2C19.0.0%2CN%3Babtest%2C18.5.0%2CN%3Bforum%2C19.0.0%2CN%3Bform%2C18.0.0%2CN%3Bbitrix.eshop%2C18.5.0%2CN%3Bstoreassist%2C18.1.0%2CN%3Bvote%2C18.5.200%2CN%3Bclouds%2C19.0.0%2CN%3Bbitrixcloud%2C18.5.0%2CN%3Bscale%2C17.5.0%2CN%3Bpull%2C19.0.300%2CN%3Bsale%2C19.0.100%2CN%3Bcatalog%2C18.7.0%2CN%3Bsecurity%2C19.0.0%2CN%3Blanding%2C19.0.175%2CN%3Bconversion%2C18.5.1%2CN%3Bseo%2C19.0.800%2CN%3Bsender%2C19.0.200%2CN%3Bui%2C19.0.400%2CN&reqm=bitrix.sitecorporate%2Cbitrix.eshop&fullmoduleinfo=Y&SUPD_SRS=RU&SUPD_CMP=N
2019-12-26 10:19:31 -  - exec CUpdateClientPartner::GetHTTPPage
2019-12-26 10:19:31 -  - TIME GetUpdatesList(request) 0.234 sec
2019-12-26 10:19:31 -  - exec CUpdateClientPartner::ParseServerData
2019-12-26 10:19:31 -  - exec CUpdateClientPartner::__CollectRequestData
2019-12-26 10:19:31 -  - exec CUpdateClientPartner::GetHTTPPage
2019-12-26 10:19:31 -  - exec CUpdateClientPartner::ParseServerData
2019-12-27 10:24:09 -  - exec CUpdateClientPartner::__CollectRequestData
2019-12-27 10:24:09 -  - exec CUpdateClientPartner::GetHTTPPage
2019-12-27 10:24:09 -  - exec CUpdateClientPartner::ParseServerData
2019-12-27 10:24:09 -  - exec CUpdateClientPartner::GetUpdatesList
2019-12-27 10:24:09 -  - exec CUpdateClientPartner::__CollectRequestData
2019-12-27 10:24:09 -  - utf=Y&lang=ru&stable=Y&CANGZIP=Y&SUPD_DBS=MYSQL&XE=N&CLIENT_SITE=z90846g9.beget.tech&LICENSE_KEY=X&SUPD_STS=1&SUPD_URS=0&SUPD_URSA=1&TYPENC=D&CLIENT_PHPVER=7.1.33&NGINX=Y&dbv=5.7.21&instm=main%2C20.0.0%2CY%3Bb24connector%2C18.5.0%2CN%3Brest%2C18.5.162%2CN%3Bcurrency%2C19.0.0%2CN%3Breport%2C19.0.100%2CN%3Btranslate%2C18.0.100%2CN%3Bcompression%2C19.0.0%2CN%3Bmobileapp%2C19.0.100%2CN%3Bhighloadblock%2C19.0.0%2CN%3Bmessageservice%2C19.0.0%2CN%3Bsearch%2C18.5.200%2CN%3Bsubscribe%2C18.5.0%2CN%3Bperfmon%2C18.5.0%2CN%3Bphotogallery%2C18.0.0%2CN%3Bblog%2C19.0.100%2CN%3Biblock%2C18.6.1000%2CN%3Bfileman%2C18.5.500%2CN%3Bbitrix.sitecorporate%2C15.5.0%2CN%3Bsocialservices%2C19.0.0%2CN%3Babtest%2C18.5.0%2CN%3Bforum%2C19.0.0%2CN%3Bform%2C18.0.0%2CN%3Bbitrix.eshop%2C18.5.0%2CN%3Bstoreassist%2C18.1.0%2CN%3Bvote%2C18.5.200%2CN%3Bclouds%2C19.0.0%2CN%3Bbitrixcloud%2C18.5.0%2CN%3Bscale%2C17.5.0%2CN%3Bpull%2C19.0.300%2CN%3Bsale%2C19.0.100%2CN%3Bcatalog%2C18.7.0%2CN%3Bsecurity%2C19.0.0%2CN%3Blanding%2C19.0.175%2CN%3Bconversion%2C18.5.1%2CN%3Bseo%2C19.0.800%2CN%3Bsender%2C19.0.200%2CN%3Bui%2C19.0.400%2CN&reqm=bitrix.sitecorporate%2Cbitrix.eshop&fullmoduleinfo=Y&SUPD_SRS=RU&SUPD_CMP=N
2019-12-27 10:24:09 -  - exec CUpdateClientPartner::GetHTTPPage
2019-12-27 10:24:09 -  - TIME GetUpdatesList(request) 0.224 sec
2019-12-27 10:24:09 -  - exec CUpdateClientPartner::ParseServerData
2019-12-27 10:24:09 -  - exec CUpdateClientPartner::__CollectRequestData
2019-12-27 10:24:09 -  - exec CUpdateClientPartner::GetHTTPPage
2019-12-27 10:24:09 -  - exec CUpdateClientPartner::ParseServerData
2019-12-28 12:27:03 -  - exec CUpdateClientPartner::__CollectRequestData
2019-12-28 12:27:03 -  - exec CUpdateClientPartner::GetHTTPPage
2019-12-28 12:27:03 -  - exec CUpdateClientPartner::ParseServerData
2019-12-28 12:27:03 -  - exec CUpdateClientPartner::GetUpdatesList
2019-12-28 12:27:03 -  - exec CUpdateClientPartner::__CollectRequestData
2019-12-28 12:27:03 -  - utf=Y&lang=ru&stable=Y&CANGZIP=Y&SUPD_DBS=MYSQL&XE=N&CLIENT_SITE=z90846g9.beget.tech&LICENSE_KEY=X&SUPD_STS=1&SUPD_URS=0&SUPD_URSA=1&TYPENC=D&CLIENT_PHPVER=7.1.33&NGINX=Y&dbv=5.7.21&instm=main%2C20.0.0%2CY%3Bb24connector%2C18.5.0%2CN%3Brest%2C18.5.162%2CN%3Bcurrency%2C19.0.0%2CN%3Breport%2C19.0.100%2CN%3Btranslate%2C18.0.100%2CN%3Bcompression%2C19.0.0%2CN%3Bmobileapp%2C19.0.100%2CN%3Bhighloadblock%2C19.0.0%2CN%3Bmessageservice%2C19.0.0%2CN%3Bsearch%2C18.5.200%2CN%3Bsubscribe%2C18.5.0%2CN%3Bperfmon%2C18.5.0%2CN%3Bphotogallery%2C18.0.0%2CN%3Bblog%2C19.0.100%2CN%3Biblock%2C18.6.1000%2CN%3Bfileman%2C18.5.500%2CN%3Bbitrix.sitecorporate%2C15.5.0%2CN%3Bsocialservices%2C19.0.0%2CN%3Babtest%2C18.5.0%2CN%3Bforum%2C19.0.0%2CN%3Bform%2C18.0.0%2CN%3Bbitrix.eshop%2C18.5.0%2CN%3Bstoreassist%2C18.1.0%2CN%3Bvote%2C18.5.200%2CN%3Bclouds%2C19.0.0%2CN%3Bbitrixcloud%2C18.5.0%2CN%3Bscale%2C17.5.0%2CN%3Bpull%2C19.0.300%2CN%3Bsale%2C19.0.100%2CN%3Bcatalog%2C18.7.0%2CN%3Bsecurity%2C19.0.0%2CN%3Blanding%2C19.0.175%2CN%3Bconversion%2C18.5.1%2CN%3Bseo%2C19.0.800%2CN%3Bsender%2C19.0.200%2CN%3Bui%2C19.0.400%2CN&reqm=bitrix.sitecorporate%2Cbitrix.eshop&fullmoduleinfo=Y&SUPD_SRS=RU&SUPD_CMP=N
2019-12-28 12:27:03 -  - exec CUpdateClientPartner::GetHTTPPage
2019-12-28 12:27:03 -  - TIME GetUpdatesList(request) 0.213 sec
2019-12-28 12:27:03 -  - exec CUpdateClientPartner::ParseServerData
2019-12-28 12:27:03 -  - exec CUpdateClientPartner::__CollectRequestData
2019-12-28 12:27:03 -  - exec CUpdateClientPartner::GetHTTPPage
2019-12-28 12:27:04 -  - exec CUpdateClientPartner::ParseServerData
2019-12-29 16:55:18 -  - exec CUpdateClientPartner::__CollectRequestData
2019-12-29 16:55:18 -  - exec CUpdateClientPartner::GetHTTPPage
2019-12-29 16:55:18 -  - exec CUpdateClientPartner::ParseServerData
2019-12-29 16:55:18 -  - exec CUpdateClientPartner::GetUpdatesList
2019-12-29 16:55:18 -  - exec CUpdateClientPartner::__CollectRequestData
2019-12-29 16:55:18 -  - utf=Y&lang=ru&stable=Y&CANGZIP=Y&SUPD_DBS=MYSQL&XE=N&CLIENT_SITE=z90846g9.beget.tech&LICENSE_KEY=X&SUPD_STS=1&SUPD_URS=0&SUPD_URSA=1&TYPENC=D&CLIENT_PHPVER=7.1.33&NGINX=Y&dbv=5.7.21&instm=main%2C20.0.0%2CY%3Bb24connector%2C18.5.0%2CN%3Brest%2C18.5.162%2CN%3Bcurrency%2C19.0.0%2CN%3Breport%2C19.0.100%2CN%3Btranslate%2C18.0.100%2CN%3Bcompression%2C19.0.0%2CN%3Bmobileapp%2C19.0.100%2CN%3Bhighloadblock%2C19.0.0%2CN%3Bmessageservice%2C19.0.0%2CN%3Bsearch%2C18.5.200%2CN%3Bsubscribe%2C18.5.0%2CN%3Bperfmon%2C18.5.0%2CN%3Bphotogallery%2C18.0.0%2CN%3Bblog%2C19.0.100%2CN%3Biblock%2C18.6.1000%2CN%3Bfileman%2C18.5.500%2CN%3Bbitrix.sitecorporate%2C15.5.0%2CN%3Bsocialservices%2C19.0.0%2CN%3Babtest%2C18.5.0%2CN%3Bforum%2C19.0.0%2CN%3Bform%2C18.0.0%2CN%3Bbitrix.eshop%2C18.5.0%2CN%3Bstoreassist%2C18.1.0%2CN%3Bvote%2C18.5.200%2CN%3Bclouds%2C19.0.0%2CN%3Bbitrixcloud%2C18.5.0%2CN%3Bscale%2C17.5.0%2CN%3Bpull%2C19.0.300%2CN%3Bsale%2C19.0.100%2CN%3Bcatalog%2C18.7.0%2CN%3Bsecurity%2C19.0.0%2CN%3Blanding%2C19.0.175%2CN%3Bconversion%2C18.5.1%2CN%3Bseo%2C19.0.800%2CN%3Bsender%2C19.0.200%2CN%3Bui%2C19.0.400%2CN&reqm=bitrix.sitecorporate%2Cbitrix.eshop&fullmoduleinfo=Y&SUPD_SRS=RU&SUPD_CMP=N
2019-12-29 16:55:18 -  - exec CUpdateClientPartner::GetHTTPPage
2019-12-29 16:55:18 -  - TIME GetUpdatesList(request) 0.211 sec
2019-12-29 16:55:18 -  - exec CUpdateClientPartner::ParseServerData
2019-12-29 16:55:18 -  - exec CUpdateClientPartner::__CollectRequestData
2019-12-29 16:55:18 -  - exec CUpdateClientPartner::GetHTTPPage
2019-12-29 16:55:18 -  - exec CUpdateClientPartner::ParseServerData
2019-12-31 12:18:52 -  - exec CUpdateClientPartner::__CollectRequestData
2019-12-31 12:18:52 -  - exec CUpdateClientPartner::GetHTTPPage
2019-12-31 12:18:52 -  - exec CUpdateClientPartner::ParseServerData
2019-12-31 12:18:52 -  - exec CUpdateClientPartner::GetUpdatesList
2019-12-31 12:18:52 -  - exec CUpdateClientPartner::__CollectRequestData
2019-12-31 12:18:52 -  - utf=Y&lang=ru&stable=Y&CANGZIP=Y&SUPD_DBS=MYSQL&XE=N&CLIENT_SITE=z90846g9.beget.tech&LICENSE_KEY=X&SUPD_STS=1&SUPD_URS=0&SUPD_URSA=1&TYPENC=D&CLIENT_PHPVER=7.1.33&NGINX=Y&dbv=5.7.21&instm=main%2C20.0.0%2CY%3Bb24connector%2C18.5.0%2CN%3Brest%2C18.5.162%2CN%3Bcurrency%2C19.0.0%2CN%3Breport%2C19.0.100%2CN%3Btranslate%2C18.0.100%2CN%3Bcompression%2C19.0.0%2CN%3Bmobileapp%2C19.0.100%2CN%3Bhighloadblock%2C19.0.0%2CN%3Bmessageservice%2C19.0.0%2CN%3Bsearch%2C18.5.200%2CN%3Bsubscribe%2C18.5.0%2CN%3Bperfmon%2C18.5.0%2CN%3Bphotogallery%2C18.0.0%2CN%3Bblog%2C19.0.100%2CN%3Biblock%2C18.6.1000%2CN%3Bfileman%2C18.5.500%2CN%3Bbitrix.sitecorporate%2C15.5.0%2CN%3Bsocialservices%2C19.0.0%2CN%3Babtest%2C18.5.0%2CN%3Bforum%2C19.0.0%2CN%3Bform%2C18.0.0%2CN%3Bbitrix.eshop%2C18.5.0%2CN%3Bstoreassist%2C18.1.0%2CN%3Bvote%2C18.5.200%2CN%3Bclouds%2C19.0.0%2CN%3Bbitrixcloud%2C18.5.0%2CN%3Bscale%2C17.5.0%2CN%3Bpull%2C19.0.300%2CN%3Bsale%2C19.0.100%2CN%3Bcatalog%2C18.7.0%2CN%3Bsecurity%2C19.0.0%2CN%3Blanding%2C19.0.175%2CN%3Bconversion%2C18.5.1%2CN%3Bseo%2C19.0.800%2CN%3Bsender%2C19.0.200%2CN%3Bui%2C19.0.400%2CN&reqm=bitrix.sitecorporate%2Cbitrix.eshop&fullmoduleinfo=Y&SUPD_SRS=RU&SUPD_CMP=N
2019-12-31 12:18:52 -  - exec CUpdateClientPartner::GetHTTPPage
2019-12-31 12:18:52 -  - TIME GetUpdatesList(request) 0.211 sec
2019-12-31 12:18:52 -  - exec CUpdateClientPartner::ParseServerData
2019-12-31 12:18:52 -  - exec CUpdateClientPartner::__CollectRequestData
2019-12-31 12:18:52 -  - exec CUpdateClientPartner::GetHTTPPage
2019-12-31 12:18:53 -  - exec CUpdateClientPartner::ParseServerData
2020-01-01 16:15:55 -  - exec CUpdateClientPartner::__CollectRequestData
2020-01-01 16:15:55 -  - exec CUpdateClientPartner::GetHTTPPage
2020-01-01 16:15:56 -  - exec CUpdateClientPartner::ParseServerData
2020-01-01 16:15:56 -  - exec CUpdateClientPartner::GetUpdatesList
2020-01-01 16:15:56 -  - exec CUpdateClientPartner::__CollectRequestData
2020-01-01 16:15:56 -  - utf=Y&lang=ru&stable=Y&CANGZIP=Y&SUPD_DBS=MYSQL&XE=N&CLIENT_SITE=z90846g9.beget.tech&LICENSE_KEY=X&SUPD_STS=1&SUPD_URS=0&SUPD_URSA=1&TYPENC=D&CLIENT_PHPVER=7.1.33&NGINX=Y&dbv=5.7.21&instm=main%2C20.0.0%2CY%3Bb24connector%2C18.5.0%2CN%3Brest%2C18.5.162%2CN%3Bcurrency%2C19.0.0%2CN%3Breport%2C19.0.100%2CN%3Btranslate%2C18.0.100%2CN%3Bcompression%2C19.0.0%2CN%3Bmobileapp%2C19.0.100%2CN%3Bhighloadblock%2C19.0.0%2CN%3Bmessageservice%2C19.0.0%2CN%3Bsearch%2C18.5.200%2CN%3Bsubscribe%2C18.5.0%2CN%3Bperfmon%2C18.5.0%2CN%3Bphotogallery%2C18.0.0%2CN%3Bblog%2C19.0.100%2CN%3Biblock%2C18.6.1000%2CN%3Bfileman%2C18.5.500%2CN%3Bbitrix.sitecorporate%2C15.5.0%2CN%3Bsocialservices%2C19.0.0%2CN%3Babtest%2C18.5.0%2CN%3Bforum%2C19.0.0%2CN%3Bform%2C18.0.0%2CN%3Bbitrix.eshop%2C18.5.0%2CN%3Bstoreassist%2C18.1.0%2CN%3Bvote%2C18.5.200%2CN%3Bclouds%2C19.0.0%2CN%3Bbitrixcloud%2C18.5.0%2CN%3Bscale%2C17.5.0%2CN%3Bpull%2C19.0.300%2CN%3Bsale%2C19.0.100%2CN%3Bcatalog%2C18.7.0%2CN%3Bsecurity%2C19.0.0%2CN%3Blanding%2C19.0.175%2CN%3Bconversion%2C18.5.1%2CN%3Bseo%2C19.0.800%2CN%3Bsender%2C19.0.200%2CN%3Bui%2C19.0.400%2CN&reqm=bitrix.sitecorporate%2Cbitrix.eshop&fullmoduleinfo=Y&SUPD_SRS=RU&SUPD_CMP=N
2020-01-01 16:15:56 -  - exec CUpdateClientPartner::GetHTTPPage
2020-01-01 16:15:56 -  - TIME GetUpdatesList(request) 0.205 sec
2020-01-01 16:15:56 -  - exec CUpdateClientPartner::ParseServerData
2020-01-01 16:15:56 -  - exec CUpdateClientPartner::__CollectRequestData
2020-01-01 16:15:56 -  - exec CUpdateClientPartner::GetHTTPPage
2020-01-01 16:15:56 -  - exec CUpdateClientPartner::ParseServerData
2020-01-03 14:15:45 -  - exec CUpdateClientPartner::__CollectRequestData
2020-01-03 14:15:45 -  - exec CUpdateClientPartner::GetHTTPPage
2020-01-03 14:15:45 -  - exec CUpdateClientPartner::ParseServerData
2020-01-03 14:15:45 -  - exec CUpdateClientPartner::GetUpdatesList
2020-01-03 14:15:45 -  - exec CUpdateClientPartner::__CollectRequestData
2020-01-03 14:15:45 -  - utf=Y&lang=ru&stable=Y&CANGZIP=Y&SUPD_DBS=MYSQL&XE=N&CLIENT_SITE=z90846g9.beget.tech&LICENSE_KEY=X&SUPD_STS=1&SUPD_URS=0&SUPD_URSA=1&TYPENC=D&CLIENT_PHPVER=7.1.33&NGINX=Y&dbv=5.7.21&instm=main%2C20.0.0%2CY%3Bb24connector%2C18.5.0%2CN%3Brest%2C18.5.162%2CN%3Bcurrency%2C19.0.0%2CN%3Breport%2C19.0.100%2CN%3Btranslate%2C18.0.100%2CN%3Bcompression%2C19.0.0%2CN%3Bmobileapp%2C19.0.100%2CN%3Bhighloadblock%2C19.0.0%2CN%3Bmessageservice%2C19.0.0%2CN%3Bsearch%2C18.5.200%2CN%3Bsubscribe%2C18.5.0%2CN%3Bperfmon%2C18.5.0%2CN%3Bphotogallery%2C18.0.0%2CN%3Bblog%2C19.0.100%2CN%3Biblock%2C18.6.1000%2CN%3Bfileman%2C18.5.500%2CN%3Bbitrix.sitecorporate%2C15.5.0%2CN%3Bsocialservices%2C19.0.0%2CN%3Babtest%2C18.5.0%2CN%3Bforum%2C19.0.0%2CN%3Bform%2C18.0.0%2CN%3Bbitrix.eshop%2C18.5.0%2CN%3Bstoreassist%2C18.1.0%2CN%3Bvote%2C18.5.200%2CN%3Bclouds%2C19.0.0%2CN%3Bbitrixcloud%2C18.5.0%2CN%3Bscale%2C17.5.0%2CN%3Bpull%2C19.0.300%2CN%3Bsale%2C19.0.100%2CN%3Bcatalog%2C18.7.0%2CN%3Bsecurity%2C19.0.0%2CN%3Blanding%2C19.0.175%2CN%3Bconversion%2C18.5.1%2CN%3Bseo%2C19.0.800%2CN%3Bsender%2C19.0.200%2CN%3Bui%2C19.0.400%2CN&reqm=bitrix.sitecorporate%2Cbitrix.eshop&fullmoduleinfo=Y&SUPD_SRS=RU&SUPD_CMP=N
2020-01-03 14:15:45 -  - exec CUpdateClientPartner::GetHTTPPage
2020-01-03 14:15:46 -  - TIME GetUpdatesList(request) 0.208 sec
2020-01-03 14:15:46 -  - exec CUpdateClientPartner::ParseServerData
2020-01-03 14:15:46 -  - exec CUpdateClientPartner::__CollectRequestData
2020-01-03 14:15:46 -  - exec CUpdateClientPartner::GetHTTPPage
2020-01-03 14:15:46 -  - exec CUpdateClientPartner::ParseServerData
2020-01-04 14:43:46 -  - exec CUpdateClientPartner::__CollectRequestData
2020-01-04 14:43:46 -  - exec CUpdateClientPartner::GetHTTPPage
2020-01-04 14:43:46 -  - exec CUpdateClientPartner::ParseServerData
2020-01-04 14:43:46 -  - exec CUpdateClientPartner::GetUpdatesList
2020-01-04 14:43:46 -  - exec CUpdateClientPartner::__CollectRequestData
2020-01-04 14:43:46 -  - utf=Y&lang=ru&stable=Y&CANGZIP=Y&SUPD_DBS=MYSQL&XE=N&CLIENT_SITE=z90846g9.beget.tech&LICENSE_KEY=X&SUPD_STS=1&SUPD_URS=0&SUPD_URSA=1&TYPENC=D&CLIENT_PHPVER=7.1.33&NGINX=Y&dbv=5.7.21&instm=main%2C20.0.0%2CY%3Bb24connector%2C18.5.0%2CN%3Brest%2C18.5.162%2CN%3Bcurrency%2C19.0.0%2CN%3Breport%2C19.0.100%2CN%3Btranslate%2C18.0.100%2CN%3Bcompression%2C19.0.0%2CN%3Bmobileapp%2C19.0.100%2CN%3Bhighloadblock%2C19.0.0%2CN%3Bmessageservice%2C19.0.0%2CN%3Bsearch%2C18.5.200%2CN%3Bsubscribe%2C18.5.0%2CN%3Bperfmon%2C18.5.0%2CN%3Bphotogallery%2C18.0.0%2CN%3Bblog%2C19.0.100%2CN%3Biblock%2C18.6.1000%2CN%3Bfileman%2C18.5.500%2CN%3Bbitrix.sitecorporate%2C15.5.0%2CN%3Bsocialservices%2C19.0.0%2CN%3Babtest%2C18.5.0%2CN%3Bforum%2C19.0.0%2CN%3Bform%2C18.0.0%2CN%3Bbitrix.eshop%2C18.5.0%2CN%3Bstoreassist%2C18.1.0%2CN%3Bvote%2C18.5.200%2CN%3Bclouds%2C19.0.0%2CN%3Bbitrixcloud%2C18.5.0%2CN%3Bscale%2C17.5.0%2CN%3Bpull%2C19.0.300%2CN%3Bsale%2C19.0.100%2CN%3Bcatalog%2C18.7.0%2CN%3Bsecurity%2C19.0.0%2CN%3Blanding%2C19.0.175%2CN%3Bconversion%2C18.5.1%2CN%3Bseo%2C19.0.800%2CN%3Bsender%2C19.0.200%2CN%3Bui%2C19.0.400%2CN&reqm=bitrix.sitecorporate%2Cbitrix.eshop&fullmoduleinfo=Y&SUPD_SRS=RU&SUPD_CMP=N
2020-01-04 14:43:46 -  - exec CUpdateClientPartner::GetHTTPPage
2020-01-04 14:43:46 -  - TIME GetUpdatesList(request) 0.206 sec
2020-01-04 14:43:46 -  - exec CUpdateClientPartner::ParseServerData
2020-01-04 14:43:46 -  - exec CUpdateClientPartner::__CollectRequestData
2020-01-04 14:43:46 -  - exec CUpdateClientPartner::GetHTTPPage
2020-01-04 14:43:46 -  - exec CUpdateClientPartner::ParseServerData
2020-01-05 16:58:47 -  - exec CUpdateClientPartner::__CollectRequestData
2020-01-05 16:58:47 -  - exec CUpdateClientPartner::GetHTTPPage
2020-01-05 16:58:47 -  - exec CUpdateClientPartner::ParseServerData
2020-01-05 16:58:47 -  - exec CUpdateClientPartner::GetUpdatesList
2020-01-05 16:58:47 -  - exec CUpdateClientPartner::__CollectRequestData
2020-01-05 16:58:47 -  - utf=Y&lang=ru&stable=Y&CANGZIP=Y&SUPD_DBS=MYSQL&XE=N&CLIENT_SITE=z90846g9.beget.tech&LICENSE_KEY=X&SUPD_STS=1&SUPD_URS=0&SUPD_URSA=1&TYPENC=D&CLIENT_PHPVER=7.1.33&NGINX=Y&dbv=5.7.21&instm=main%2C20.0.0%2CY%3Bb24connector%2C18.5.0%2CN%3Brest%2C18.5.162%2CN%3Bcurrency%2C19.0.0%2CN%3Breport%2C19.0.100%2CN%3Btranslate%2C18.0.100%2CN%3Bcompression%2C19.0.0%2CN%3Bmobileapp%2C19.0.100%2CN%3Bhighloadblock%2C19.0.0%2CN%3Bmessageservice%2C19.0.0%2CN%3Bsearch%2C18.5.200%2CN%3Bsubscribe%2C18.5.0%2CN%3Bperfmon%2C18.5.0%2CN%3Bphotogallery%2C18.0.0%2CN%3Bblog%2C19.0.100%2CN%3Biblock%2C18.6.1000%2CN%3Bfileman%2C18.5.500%2CN%3Bbitrix.sitecorporate%2C15.5.0%2CN%3Bsocialservices%2C19.0.0%2CN%3Babtest%2C18.5.0%2CN%3Bforum%2C19.0.0%2CN%3Bform%2C18.0.0%2CN%3Bbitrix.eshop%2C18.5.0%2CN%3Bstoreassist%2C18.1.0%2CN%3Bvote%2C18.5.200%2CN%3Bclouds%2C19.0.0%2CN%3Bbitrixcloud%2C18.5.0%2CN%3Bscale%2C17.5.0%2CN%3Bpull%2C19.0.300%2CN%3Bsale%2C19.0.100%2CN%3Bcatalog%2C18.7.0%2CN%3Bsecurity%2C19.0.0%2CN%3Blanding%2C19.0.175%2CN%3Bconversion%2C18.5.1%2CN%3Bseo%2C19.0.800%2CN%3Bsender%2C19.0.200%2CN%3Bui%2C19.0.400%2CN&reqm=bitrix.sitecorporate%2Cbitrix.eshop&fullmoduleinfo=Y&SUPD_SRS=RU&SUPD_CMP=N
2020-01-05 16:58:47 -  - exec CUpdateClientPartner::GetHTTPPage
2020-01-05 16:58:47 -  - TIME GetUpdatesList(request) 0.204 sec
2020-01-05 16:58:47 -  - exec CUpdateClientPartner::ParseServerData
2020-01-05 16:58:47 -  - exec CUpdateClientPartner::__CollectRequestData
2020-01-05 16:58:47 -  - exec CUpdateClientPartner::GetHTTPPage
2020-01-05 16:58:48 -  - exec CUpdateClientPartner::ParseServerData
